{
    "train_loss": [
        56.83198928833008,
        63.136783599853516,
        59.20427703857422,
        62.169898986816406,
        61.51636505126953,
        67.80530548095703,
        73.46622467041016,
        70.15350341796875,
        62.737735748291016,
        74.54695892333984,
        172.52525329589844,
        136.76991271972656,
        142.16920471191406,
        87.45993041992188,
        172.32608032226562,
        172.5229949951172,
        100.41069030761719,
        16.949562072753906
    ]
}